<?xml version="1.0" encoding="UTF-8"?>
<!-- Generated by org.testng.reporters.JUnitXMLReporter -->
<testsuite hostname="Rajni" ignored="0" name="Default test" tests="3" failures="0" timestamp="06 Aug 2018 19:52:43 GMT" time="24.955" errors="0">
  <testcase name="signUp1" time="12.013" classname="applicationTest.ApplicationTest"/>
  <testcase name="loginTest" time="4.167" classname="applicationTest.ApplicationTest"/>
  <testcase name="addToCartTest" time="8.74" classname="applicationTest.ApplicationTest"/>
</testsuite> <!-- Default test -->
