<?xml version="1.0" encoding="UTF-8"?>
<testng-results skipped="0" failed="0" ignored="0" total="1" passed="1">
  <reporter-output>
  </reporter-output>
  <suite name="Default suite" duration-ms="13921" started-at="2018-08-01T18:32:22Z" finished-at="2018-08-01T18:32:36Z">
    <groups>
    </groups>
    <test name="Default test" duration-ms="13921" started-at="2018-08-01T18:32:22Z" finished-at="2018-08-01T18:32:36Z">
      <class name="applicationTest.ApplicationTest">
        <test-method status="PASS" signature="loginTest()[pri:0, instance:applicationTest.ApplicationTest@523884b2]" name="loginTest" duration-ms="13886" started-at="2018-08-02T00:02:22Z" finished-at="2018-08-02T00:02:36Z">
          <reporter-output>
          </reporter-output>
        </test-method> <!-- loginTest -->
      </class> <!-- applicationTest.ApplicationTest -->
    </test> <!-- Default test -->
  </suite> <!-- Default suite -->
</testng-results>
