<?xml version="1.0" encoding="UTF-8"?>
<testng-results skipped="0" failed="0" ignored="0" total="3" passed="3">
  <reporter-output>
  </reporter-output>
  <suite name="Default suite" duration-ms="24955" started-at="2018-08-06T19:52:18Z" finished-at="2018-08-06T19:52:43Z">
    <groups>
    </groups>
    <test name="Default test" duration-ms="24955" started-at="2018-08-06T19:52:18Z" finished-at="2018-08-06T19:52:43Z">
      <class name="applicationTest.ApplicationTest">
        <test-method status="PASS" signature="signUp1()[pri:1, instance:applicationTest.ApplicationTest@523884b2]" name="signUp1" duration-ms="12013" started-at="2018-08-07T01:22:18Z" finished-at="2018-08-07T01:22:30Z">
          <reporter-output>
          </reporter-output>
        </test-method> <!-- signUp1 -->
        <test-method status="PASS" signature="loginTest()[pri:2, instance:applicationTest.ApplicationTest@523884b2]" name="loginTest" duration-ms="4167" started-at="2018-08-07T01:22:30Z" finished-at="2018-08-07T01:22:34Z">
          <reporter-output>
          </reporter-output>
        </test-method> <!-- loginTest -->
        <test-method status="PASS" signature="addToCartTest()[pri:3, instance:applicationTest.ApplicationTest@523884b2]" name="addToCartTest" duration-ms="8740" started-at="2018-08-07T01:22:34Z" finished-at="2018-08-07T01:22:43Z">
          <reporter-output>
          </reporter-output>
        </test-method> <!-- addToCartTest -->
      </class> <!-- applicationTest.ApplicationTest -->
    </test> <!-- Default test -->
  </suite> <!-- Default suite -->
</testng-results>
